<?xml version="1.0" encoding="UTF-8"?>
<!-- Generated by org.testng.reporters.JUnitXMLReporter -->
<testsuite hostname="LAPTOP-1DG9OKO7" ignored="0" name="Command line test" tests="6" failures="0" timestamp="2022-02-15T22:35:54 IST" time="0.108" errors="0">
  <testcase name="createContactTest" time="0.008" classname="com.crm.contactTest.ContactTest"/>
  <testcase name="deleteContactTest" time="0.0" classname="com.crm.contactTest.ContactTest"/>
  <testcase name="modifyContactTest" time="0.0" classname="com.crm.contactTest.ContactTest"/>
  <testcase name="createOrgTest" time="0.001" classname="com.crm.orgTest.OrganizationTest"/>
  <testcase name="deleteOrgTest" time="0.0" classname="com.crm.orgTest.OrganizationTest"/>
  <testcase name="modifyOrgTest" time="0.0" classname="com.crm.orgTest.OrganizationTest"/>
</testsuite> <!-- Command line test -->
