<?xml version="1.0" encoding="UTF-8"?>
<!-- Generated by org.testng.reporters.JUnitXMLReporter -->
<testsuite hostname="LAPTOP-1DG9OKO7" ignored="2" name="Test" tests="4" failures="0" timestamp="2022-02-15T22:39:50 IST" time="0.047" errors="0">
  <testcase name="deleteContactTest" time="0.004" classname="com.crm.contactTest.ContactTest"/>
  <testcase name="modifyContactTest" time="0.0" classname="com.crm.contactTest.ContactTest"/>
  <testcase name="deleteOrgTest" time="0.0" classname="com.crm.orgTest.OrganizationTest"/>
  <testcase name="modifyOrgTest" time="0.0" classname="com.crm.orgTest.OrganizationTest"/>
  <testcase name="createOrgTest" time="0.0" classname="com.crm.orgTest.OrganizationTest">
    <ignored/>
  </testcase> <!-- createOrgTest -->
  <testcase name="createContactTest" time="0.0" classname="com.crm.contactTest.ContactTest">
    <ignored/>
  </testcase> <!-- createContactTest -->
</testsuite> <!-- Test -->
